make.exe all -f "F:\Ceid_Projects\CompilerCringe_CEID\FlexBison\usr\local\wbin\makefile" --print-data-base --no-builtin-variables --no-builtin-rules --question
# GNU Make 3.81
# Copyright (C) 2006  Free Software Foundation, Inc.
# This is free software; see the source for copying conditions.
# There is NO warranty; not even for MERCHANTABILITY or FITNESS FOR A
# PARTICULAR PURPOSE.

# This program built for i386-pc-mingw32
 

# Make data base, printed on Sat Aug 14 23:25:09 2021

# Variables

# automatic
<D = $(patsubst %/,%,$(dir $<))
# automatic
?F = $(notdir $?)
# environment
CARBON_MEM_DISABLE = 1
# makefile
MAKEFLAGS = Rrqp
# environment
VSCODE_LOG_NATIVE = false
# automatic
?D = $(patsubst %/,%,$(dir $?))
# automatic
@D = $(patsubst %/,%,$(dir $@))
# environment
HOMEDRIVE = C:
# automatic
@F = $(notdir $@)
# automatic
^D = $(patsubst %/,%,$(dir $^))
# makefile
CURDIR := f:/Ceid_Projects/CompilerCringe_CEID
# default
SHELL 
 := sh.exe
# environment
WINDIR = C:\WINDOWS
# environment
VSCODE_NLS_CONFIG = {"locale":"en-us","availableLanguages":{},"_languagePackSupport":true}
# environment
VBOX_MSI_INSTALL_PATH = C:\Program Files\Oracle\VirtualBox\
# environment
ONEDRIVE = C:\Users\arisk\OneDrive
# environment
PATHEXT = .COM;.EXE;.BAT;.CMD;.VBS;.VBE;.JS;.JSE;.WSF;.WSH;.MSC
# makefile (from `F:\Ceid_Projects\CompilerCringe_CEID\FlexBison\usr\local\wbin\makefile', line 1)
MAKEFILE_LIST :=  F:\Ceid_Projects\CompilerCringe_CEID\FlexBison\usr\local\wbin\makefile
# environment
TMP = C:\Users\arisk\AppData\Local\Temp
# environment
VSCODE_VERBOSE_LOGGING = true
# environment
PROGRAMW6432 = C:\Program Files
# environment
PROGRAMDATA = C:\ProgramData
# environment
VSCODE_IPC_HOOK_EXTHOST = \\.\pipe\vscode-ipc-5b587979-6423-4e5a-982d-dcd146ed4ff4-sock
# environment
VSCODE_CWD = C:\Users\arisk\AppData\Local\Programs\Microsoft VS Code
# environment
PATH = C:\Program Files (x86)\VMware\VMware Workstation\bin\;C:\Program Files (x86)\Common Files\Oracle\Java\javapath;C:\WINDOWS\system32;C:\WINDOWS;C:\WINDOWS\System32\Wbem;C:\WINDOWS\System32\WindowsPowerShell\v1.0\;C:\WINDOWS\System32\OpenSSH\;C:\Program Files\NVIDIA Corporation\NVIDIA NvDLISR;C:\Program Files (x86)\NVIDIA Corporation\PhysX\Common;C:\Program Files\Git\cmd;C:\WINDOWS\system32;C:\WINDOWS;C:\WINDOWS\System32\Wbem;C:\WINDOWS\System32\WindowsPowerShell\v1.0\;C:\WINDOWS\System32\OpenSSH\;c:\program files (x86)\gnuarm\bin;C:\Program Files\Microchip\xc8\v2.31\bin;C:\Program Files (x86)\GnuWin32\bin\;C:\msys64\mingw64\bin;C:\Program Files (x86)\GNU Arm Embedded Toolchain\10 2020-q4-major\bin;C:\Users\arisk\AppData\Local\Programs\Python\Python38\Scripts\;C:\Users\arisk\AppData\Local\Programs\Python\Python38\;C:\Program Files\MySQL\MySQL Shell 8.0\bin\;C:\Users\arisk\AppData\Local\Microsoft\WindowsApps;C:\Users\arisk\AppData\Local\Programs\MiKTeX\miktex\bin\x64\;C:\Users\arisk\AppData\Local\Programs\Microsoft VS Code\bin;C:\Program Files (x86)\GNUARM\bin;
# environment
COMMONPROGRAMW6432 = C:\Program Files\Common Files
# environment
PROCESSOR_ARCHITECTURE = x86
# environment
USERPROFILE = C:\Users\arisk
# environment
ALLUSERSPROFILE = C:\ProgramData
# environment
BISON_SIMPLE = F:\Ceid_Projects\CompilerCringe_CEID\FlexBison\usr\local\share\bison.simple
# environment
VSCODE_LOG_STACK = false
# environment
NUMBER_OF_PROCESSORS = 12
# environment
ELECTRON_RUN_AS_NODE = 1
# default
.FEATURES := target-specific order-only second-expansion else-if archives
# automatic
%F = $(notdir $%)
# environment
CHROME_CRASHPAD_PIPE_NAME = \\.\pipe\crashpad_8768_TMYUXKPFGAUTDTXU
# environment
VSCODE_PIPE_LOGGING = true
# environment
COMPUTERNAME = DESKTOP-09S77CJ
# environment
PROGRAMFILES = C:\Program Files (x86)
# environment
DRIVERDATA = C:\Windows\System32\Drivers\DriverData
# environment
ORIGINAL_XDG_CURRENT_DESKTOP = undefined
# environment
USERNAME = arisk
# environment
PUBLIC = C:\Users\Public
# environment
VSCODE_AMD_ENTRYPOINT = vs/workbench/services/extensions/node/extensionHostProcess
# environment
VSCODE_CO 
DE_CACHE_PATH = C:\Users\arisk\AppData\Roaming\Code\CachedData\379476f0e13988d90fab105c5c19e7abc8b1dea8
# environment
APPLICATION_INSIGHTS_NO_DIAGNOSTIC_CHANNEL = true
# environment
COMMONPROGRAMFILES = C:\Program Files (x86)\Common Files
# environment
LOGONSERVER = \\DESKTOP-09S77CJ
# environment
ONEDRIVECONSUMER = C:\Users\arisk\OneDrive
# environment
VSCODE_HANDLES_UNCAUGHT_ERRORS = true
# environment
USERDOMAIN = DESKTOP-09S77CJ
# default
MAKE = $(MAKE_COMMAND)
# default
MAKECMDGOALS := all
# environment
QT_DEVICE_PIXEL_RATIO = auto
# default
MAKE_VERSION := 3.81
# makefile
.DEFAULT_GOAL := clean
# environment
PROGRAMFILES(X86) = C:\Program Files (x86)
# automatic
%D = $(patsubst %/,%,$(dir $%))
# environment
LOCALAPPDATA = C:\Users\arisk\AppData\Local
# environment
PSMODULEPATH = C:\Program Files\WindowsPowerShell\Modules;C:\WINDOWS\system32\WindowsPowerShell\v1.0\Modules
# default
MAKE_COMMAND := make.exe
# environment
PROCESSOR_ARCHITEW6432 = AMD64
# default
.VARIABLES := 
# automatic
*F = $(notdir $*)
# environment
PROCESSOR_IDENTIFIER = AMD64 Family 23 Model 1 Stepping 1, AuthenticAMD
# environment
OS = Windows_NT
# environment
VSCODE_IPC_HOOK = \\.\pipe\cda32c6fcffc07189e4d3bfab817ffc9-1.59.0-main-sock
# environment
HOMEPATH = \Users\arisk
# environment
COMMONPROGRAMFILES(X86) = C:\Program Files (x86)\Common Files
# environment
PROMPT = $P$G
# environment
MFLAGS = -Rrqp
# automatic
*D = $(patsubst %/,%,$(dir $*))
# environment
PT8HOME = C:\Program Files\Cisco Packet Tracer 8.0
# environment
SYSTEMROOT 
 = C:\WINDOWS
# automatic
+D = $(patsubst %/,%,$(dir $+))
# automatic
+F = $(notdir $+)
# environment
APPDATA = C:\Users\arisk\AppData\Roaming
# environment
TEMP = C:\Users\arisk\AppData\Local\Temp
# environment
COMSPEC = C:\WINDOWS\system32\cmd.exe
# default
MAKEFILES := 
# environment
VSCODE_BROWSER_CODE_LOADING = bypassHeatCheck
# automatic
<F = $(notdir $<)
# environment
VS160COMCOMNTOOLS = C:\Program Files (x86)\Microsoft Visual Studio\2019\Community\Common7\Tools\
# environment
OPENSSL_IA32CAP = :~0x2 
0000000
# environment
LC_ALL = C
# automatic
^F = $(notdir $^)
# default
SUFFIXES := 
# environment
SYSTEMDRIVE = C:
# environment
SESSIONNAME = Console
# environment
PROCESSOR_REVISION = 0101
# environment
MAKELEVEL := 0
# environment
LANG = C
# environment
PROCESSOR_LEVEL = 23
# environment
VSCODE_PID = 8768
# environment
USERDOMAIN_ROAMINGPROFILE = DESKTOP-09S77CJ
# variable set hash-table stats:
# Load=95/1024=9%, Rehash=0, Collisions=9/115=8%

# Pattern-specific Variable Values

# No pattern-specific variable values.

# Directories

# C:\Users\arisk\AppData\Local\Programs\Python\Python38\Scripts\ (key C:/Users/arisk/AppData/Local/Programs/Python/Python38/Scripts/, mtime 1611333048): 38 files, no impossibilities.
# C:\WINDOWS\System32\WindowsPowerShell\v1.0\ (key C:/WINDOWS/System32/WindowsPowerShell/v1.0/, mtime 1615613671): 30 files, no impossibilities.
# C:\WINDOWS\System32\Wbem (key C:/WINDOWS/System32/Wbem, mtime 1625797111): 156 files, no impossibilities.
# . (key f:/Ceid_Projects/CompilerCringe_CEI 
D, mtime 1628954476): 9 files, no impossibilities.
# C:\Program Files\Microchip\xc8\v2.31\bin (key C:/Program Files/Microchip/xc8/v2.31/bin, mtime 1618757233): 11 files, no impossibilities.
# C:\Program Files (x86)\NVIDIA Corporation\PhysX\Common (key C:/Program Files (x86)/NVIDIA Corporation/PhysX/Common, mtime 1603986255): 10 files, no impossibilities.
# C:\Program Files\MySQL\MySQL Shell 8.0\bin\ (key C:/Program Files/MySQL/MySQL Shell 8.0/bin/, mtime 1603991914): 7 files, no impossibilities.
# C:\Progra 
m Files (x86)\VMware\VMware Workstation\bin\ (key C:/Program Files (x86)/VMware/VMware Workstation/bin/, mtime 1617220830): 4 files, no impossibilities.
# C:\WINDOWS\System32\OpenSSH\: could not be stat'd.
# C:\Program Files (x86)\Common Files\Oracle\Java\javapath (key C:/Program Files (x86)/Common Files/Oracle/Java/javapath, mtime 1620054634): 5 files, no impossibilities.
# C:\WINDOWS (key C:/WINDOWS, mtime 1628728180): 115 files, no impossibilities.
# C:\Users\arisk\AppData\Local\Programs\Microsoft VS Code\bin (key C:/Users/arisk/AppData/Local/Programs/Microsoft VS Code/bin, mtime 1628605263): 4 files, no impossibilities.
# C:\Program Files (x86)\GNU Arm Embedded Toolchain\10 2020-q4-major\bin (key C:/Program Files (x86)/GNU Arm Embedded Toolchain/10 2020-q4-major/bin, mtime 1617217733): 35 files, no impossibilities.
# c:\program files (x86)\gnuarm\bin (key c:/program files (x86)/gnuarm/bin, mtime 1617217203): 45 files, no impossibilities.
# C:\Users\arisk\AppData\Local\Programs\MiKTeX\miktex\bin\x64\ (key  
C:/Users/arisk/AppData/Local/Programs/MiKTeX/miktex/bin/x64/, mtime 1603988490): 666 files, no impossibilities.
# C:\msys64\mingw64\bin (key C:/msys64/mingw64/bin, mtime 1628856200): 207 files, no impossibilities.
# C:\Program Files\Git\cmd (key C:/Program Files/Git/cmd, mtime 1603990325): 8 files, no impossibilities.
# C:\WINDOWS\system32 (key C:/WINDOWS/system32, mtime 1628958941): 3034 files, no impossibilities.
# C:\Users\arisk\AppData\Local\Programs\Python\Python38\ (key C:/Users/arisk/AppData/Local/Pr 
ograms/Python/Python38/, mtime 1611065990): 18 files, no impossibilities.
# C:\Users\arisk\AppData\Local\Microsoft\WindowsApps (key C:/Users/arisk/AppData/Local/Microsoft/WindowsApps, mtime 1624994792): 14 files, no impossibilities.
# C:\Program Files (x86)\GnuWin32\bin\ (key C:/Program Files (x86)/GnuWin32/bin/, mtime 1628947438): 5 files, no impossibilities.
# C:\Program Files\NVIDIA Corporation\NVIDIA NvDLISR (key C:/Program Files/NVIDIA Corporation/NVIDIA NvDLISR, mtime 1603985763): 5 files, no impossibilities.

# 4426 files, no impossibilities in 22 directories.

# Implicit Rules

# No implicit rules.

# Files

# Not a target:
all:
#  Command-line target.
#  Implicit rule search has been done.
#  File does not exist.
#  File has not been updated.
# variable set hash-table stats:
# Load=0/32=0%, Rehash=0, Collisions=0/0=0%

# Not a target:
F:\Ceid_Projects\CompilerCringe_CEID\FlexBison\usr\local\wbin\makefile:
#  Implicit rule search has been done.
#  Last modified 2021-08-14 18:39:18
#  File has been upd 
ated.
#  Successfully updated.
# variable set hash-table stats:
# Load=0/32=0%, Rehash=0, Collisions=0/0=0%

# Not a target:
.DEFAULT:
#  Implicit rule search has not been done.
#  Modification time never checked.
#  File has not been updated.

# Not a target:
.SUFFIXES:
#  Implicit rule search has not been done.
#  Modification time never checked.
#  File has not been updated.

clean:
#  Implicit rule search has not been done.
#  Modification time never checked.
#  File has not been updated.
#  commands to 
make.exe: *** No rule to make target `all'.  Stop.
 
 execute (from `F:\Ceid_Projects\CompilerCringe_CEID\FlexBison\usr\local\wbin\makefile', line 2):
	@echo "Cleaning files..."
	rm a.exe, y.tab.c, y.tab.h, lex.yy.c, y.output
	

# files hash-table stats:
# Load=5/1024=0%, Rehash=0, Collisions=0/16=0%
# VPATH Search Paths

# No `vpath' search paths.

# No general (`VPATH' variable) search path.

# # of strings in strcache: 1
# # of strcache buffers: 1
# strcache size: total = 4096 / max = 4096 / min = 4096 / avg = 4096
# strcache free: total = 4025 / max = 4025 / min = 4025 / avg = 4025

# Finished Make data base on Sat Aug 14 23:25:09 2021

 
